0 info it worked if it ends with ok
1 verbose cli [ '/usr/bin/node',
1 verbose cli   '/usr/bin/npm',
1 verbose cli   'version',
1 verbose cli   'patch',
1 verbose cli   '-m',
1 verbose cli   'Added support for multiple setup functions' ]
2 info using npm@1.4.21
3 info using node@v0.10.30
4 error Error: Git working directory not clean.
4 error M  main.js
4 error     at /usr/lib/node_modules/npm/lib/version.js:91:33
4 error     at ChildProcess.exithandler (child_process.js:646:7)
4 error     at ChildProcess.emit (events.js:98:17)
4 error     at maybeClose (child_process.js:756:16)
4 error     at Socket.<anonymous> (child_process.js:969:11)
4 error     at Socket.emit (events.js:95:17)
4 error     at Pipe.close (net.js:465:12)
5 error If you need help, you may report this *entire* log,
5 error including the npm and node versions, at:
5 error     <http://github.com/npm/npm/issues>
6 error System Linux 3.16.1-1-ARCH
7 error command "/usr/bin/node" "/usr/bin/npm" "version" "patch" "-m" "Added support for multiple setup functions"
8 error cwd /home/manolo/chatiku/cliente/npm/vz.thread
9 error node -v v0.10.30
10 error npm -v 1.4.21
11 verbose exit [ 1, true ]
